# JRE version: Java(TM) SE Runtime Environment (8.0_91-b14) (build 1.8.0_91-b14)
# Java VM: Java HotSpot(TM) 64-Bit Server VM (25.91-b14 mixed mode windows-amd64 compressed oops)
Heap:
 PSYoungGen      total 242688K, used 117449K [0x00000000eab00000, 0x0000000100000000, 0x0000000100000000)
  eden space 175104K, 67% used [0x00000000eab00000,0x00000000f1db26a0,0x00000000f5600000)
  from space 67584K, 0% used [0x00000000fbe00000,0x00000000fbe00000,0x0000000100000000)
  to   space 87040K, 0% used [0x00000000f5600000,0x00000000f5600000,0x00000000fab00000)
 ParOldGen       total 172544K, used 88839K [0x00000000c0000000, 0x00000000ca880000, 0x00000000eab00000)
  object space 172544K, 51% used [0x00000000c0000000,0x00000000c56c1e10,0x00000000ca880000)
 Metaspace       used 6214K, capacity 7192K, committed 7424K, reserved 1056768K
  class space    used 616K, capacity 656K, committed 768K, reserved 1048576K
GC Heap History (10 events):
Event: 5.470 GC heap before
{Heap before GC invocations=6 (full 1):
 PSYoungGen      total 93696K, used 3569K [0x00000000eab00000, 0x00000000fae00000, 0x0000000100000000)
  eden space 90112K, 0% used [0x00000000eab00000,0x00000000eab00000,0x00000000f0300000)
  from space 3584K, 99% used [0x00000000f0300000,0x00000000f067c4a8,0x00000000f0680000)
  to   space 42496K, 0% used [0x00000000f8480000,0x00000000f8480000,0x00000000fae00000)
 ParOldGen       total 71680K, used 71182K [0x00000000c0000000, 0x00000000c4600000, 0x00000000eab00000)
  object space 71680K, 99% used [0x00000000c0000000,0x00000000c4583858,0x00000000c4600000)
 Metaspace       used 6051K, capacity 7088K, committed 7296K, reserved 1056768K
  class space    used 590K, capacity 616K, committed 640K, reserved 1048576K
Event: 6.023 GC heap after
Heap after GC invocations=6 (full 1):
 PSYoungGen      total 93696K, used 0K [0x00000000eab00000, 0x00000000fae00000, 0x0000000100000000)
  eden space 90112K, 0% used [0x00000000eab00000,0x00000000eab00000,0x00000000f0300000)
  from space 3584K, 0% used [0x00000000f0300000,0x00000000f0300000,0x00000000f0680000)
  to   space 42496K, 0% used [0x00000000f8480000,0x00000000f8480000,0x00000000fae00000)
 ParOldGen       total 139264K, used 68499K [0x00000000c0000000, 0x00000000c8800000, 0x00000000eab00000)
  object space 139264K, 49% used [0x00000000c0000000,0x00000000c42e4cb8,0x00000000c8800000)
 Metaspace       used 6051K, capacity 7088K, committed 7296K, reserved 1056768K
  class space    used 590K, capacity 616K, committed 640K, reserved 1048576K
}
Event: 6.867 GC heap before
{Heap before GC invocations=7 (full 1):
 PSYoungGen      total 93696K, used 90112K [0x00000000eab00000, 0x00000000fae00000, 0x0000000100000000)
  eden space 90112K, 100% used [0x00000000eab00000,0x00000000f0300000,0x00000000f0300000)
  from space 3584K, 0% used [0x00000000f0300000,0x00000000f0300000,0x00000000f0680000)
  to   space 42496K, 0% used [0x00000000f8480000,0x00000000f8480000,0x00000000fae00000)
 ParOldGen       total 139264K, used 68499K [0x00000000c0000000, 0x00000000c8800000, 0x00000000eab00000)
  object space 139264K, 49% used [0x00000000c0000000,0x00000000c42e4cb8,0x00000000c8800000)
 Metaspace       used 6060K, capacity 7088K, committed 7296K, reserved 1056768K
  class space    used 590K, capacity 616K, committed 640K, reserved 1048576K
Event: 7.004 GC heap after
Heap after GC invocations=7 (full 1):
 PSYoungGen      total 172032K, used 29854K [0x00000000eab00000, 0x00000000fa200000, 0x0000000100000000)
  eden space 141824K, 0% used [0x00000000eab00000,0x00000000eab00000,0x00000000f3580000)
  from space 30208K, 98% used [0x00000000f8480000,0x00000000fa1a79b8,0x00000000fa200000)
  to   space 45568K, 0% used [0x00000000f4900000,0x00000000f4900000,0x00000000f7580000)
 ParOldGen       total 139264K, used 68499K [0x00000000c0000000, 0x00000000c8800000, 0x00000000eab00000)
  object space 139264K, 49% used [0x00000000c0000000,0x00000000c42e4cb8,0x00000000c8800000)
 Metaspace       used 6060K, capacity 7088K, committed 7296K, reserved 1056768K
  class space    used 590K, capacity 616K, committed 640K, reserved 1048576K
}
Event: 7.646 GC heap before
{Heap before GC invocations=8 (full 1):
 PSYoungGen      total 172032K, used 171678K [0x00000000eab00000, 0x00000000fa200000, 0x0000000100000000)
  eden space 141824K, 100% used [0x00000000eab00000,0x00000000f3580000,0x00000000f3580000)
  from space 30208K, 98% used [0x00000000f8480000,0x00000000fa1a79b8,0x00000000fa200000)
  to   space 45568K, 0% used [0x00000000f4900000,0x00000000f4900000,0x00000000f7580000)
 ParOldGen       total 139264K, used 68499K [0x00000000c0000000, 0x00000000c8800000, 0x00000000eab00000)
  object space 139264K, 49% used [0x00000000c0000000,0x00000000c42e4cb8,0x00000000c8800000)
 Metaspace       used 6069K, capacity 7088K, committed 7296K, reserved 1056768K
  class space    used 590K, capacity 616K, committed 640K, reserved 1048576K
Event: 7.811 GC heap after
Heap after GC invocations=8 (full 1):
 PSYoungGen      total 207360K, used 45540K [0x00000000eab00000, 0x0000000100000000, 0x0000000100000000)
  eden space 161792K, 0% used [0x00000000eab00000,0x00000000eab00000,0x00000000f4900000)
  from space 45568K, 99% used [0x00000000f4900000,0x00000000f75791f0,0x00000000f7580000)
  to   space 67584K, 0% used [0x00000000fbe00000,0x00000000fbe00000,0x0000000100000000)
 ParOldGen       total 139264K, used 94104K [0x00000000c0000000, 0x00000000c8800000, 0x00000000eab00000)
  object space 139264K, 67% used [0x00000000c0000000,0x00000000c5be60a8,0x00000000c8800000)
 Metaspace       used 6069K, capacity 7088K, committed 7296K, reserved 1056768K
  class space    used 590K, capacity 616K, committed 640K, reserved 1048576K
}
Event: 8.486 GC heap before
{Heap before GC invocations=9 (full 1):
 PSYoungGen      total 207360K, used 207332K [0x00000000eab00000, 0x0000000100000000, 0x0000000100000000)
  eden space 161792K, 100% used [0x00000000eab00000,0x00000000f4900000,0x00000000f4900000)
  from space 45568K, 99% used [0x00000000f4900000,0x00000000f75791f0,0x00000000f7580000)
  to   space 67584K, 0% used [0x00000000fbe00000,0x00000000fbe00000,0x0000000100000000)
 ParOldGen       total 139264K, used 94104K [0x00000000c0000000, 0x00000000c8800000, 0x00000000eab00000)
  object space 139264K, 67% used [0x00000000c0000000,0x00000000c5be60a8,0x00000000c8800000)
 Metaspace       used 6103K, capacity 7088K, committed 7296K, reserved 1056768K
  class space    used 593K, capacity 616K, committed 640K, reserved 1048576K
Event: 8.575 GC heap after
Heap after GC invocations=9 (full 1):
 PSYoungGen      total 242688K, used 67565K [0x00000000eab00000, 0x0000000100000000, 0x0000000100000000)
  eden space 175104K, 0% used [0x00000000eab00000,0x00000000eab00000,0x00000000f5600000)
  from space 67584K, 99% used [0x00000000fbe00000,0x00000000ffffb6a8,0x0000000100000000)
  to   space 87040K, 0% used [0x00000000f5600000,0x00000000f5600000,0x00000000fab00000)
 ParOldGen       total 139264K, used 108973K [0x00000000c0000000, 0x00000000c8800000, 0x00000000eab00000)
  object space 139264K, 78% used [0x00000000c0000000,0x00000000c6a6b418,0x00000000c8800000)
 Metaspace       used 6103K, capacity 7088K, committed 7296K, reserved 1056768K
  class space    used 593K, capacity 616K, committed 640K, reserved 1048576K
}
Event: 8.575 GC heap before
{Heap before GC invocations=10 (full 2):
 PSYoungGen      total 242688K, used 67565K [0x00000000eab00000, 0x0000000100000000, 0x0000000100000000)
  eden space 175104K, 0% used [0x00000000eab00000,0x00000000eab00000,0x00000000f5600000)
  from space 67584K, 99% used [0x00000000fbe00000,0x00000000ffffb6a8,0x0000000100000000)
  to   space 87040K, 0% used [0x00000000f5600000,0x00000000f5600000,0x00000000fab00000)
 ParOldGen       total 139264K, used 108973K [0x00000000c0000000, 0x00000000c8800000, 0x00000000eab00000)
  object space 139264K, 78% used [0x00000000c0000000,0x00000000c6a6b418,0x00000000c8800000)
 Metaspace       used 6103K, capacity 7088K, committed 7296K, reserved 1056768K
  class space    used 593K, capacity 616K, committed 640K, reserved 1048576K
Event: 8.931 GC heap after
Heap after GC invocations=10 (full 2):
 PSYoungGen      total 242688K, used 0K [0x00000000eab00000, 0x0000000100000000, 0x0000000100000000)
  eden space 175104K, 0% used [0x00000000eab00000,0x00000000eab00000,0x00000000f5600000)
  from space 67584K, 0% used [0x00000000fbe00000,0x00000000fbe00000,0x0000000100000000)
  to   space 87040K, 0% used [0x00000000f5600000,0x00000000f5600000,0x00000000fab00000)
 ParOldGen       total 172544K, used 88839K [0x00000000c0000000, 0x00000000ca880000, 0x00000000eab00000)
  object space 172544K, 51% used [0x00000000c0000000,0x00000000c56c1e10,0x00000000ca880000)
 Metaspace       used 6103K, capacity 7088K, committed 7296K, reserved 1056768K
  class space    used 593K, capacity 616K, committed 640K, reserved 1048576K
}

