# JRE version: Java(TM) SE Runtime Environment (8.0_91-b14) (build 1.8.0_91-b14)
# Java VM: Java HotSpot(TM) 64-Bit Server VM (25.91-b14 mixed mode windows-amd64 compressed oops)
Heap:
 PSYoungGen      total 196096K, used 155529K [0x00000000eab00000, 0x00000000f8800000, 0x0000000100000000)
  eden space 176640K, 77% used [0x00000000eab00000,0x00000000f3172be8,0x00000000f5780000)
  from space 19456K, 91% used [0x00000000f6e00000,0x00000000f7f6fa28,0x00000000f8100000)
  to   space 23040K, 0% used [0x00000000f5780000,0x00000000f5780000,0x00000000f6e00000)
 ParOldGen       total 60416K, used 29163K [0x00000000c0000000, 0x00000000c3b00000, 0x00000000eab00000)
  object space 60416K, 48% used [0x00000000c0000000,0x00000000c1c7af50,0x00000000c3b00000)
 Metaspace       used 6588K, capacity 7256K, committed 7424K, reserved 1056768K
  class space    used 625K, capacity 656K, committed 768K, reserved 1048576K
GC Heap History (10 events):
Event: 4.574 GC heap before
{Heap before GC invocations=2 (full 0):
 PSYoungGen      total 26112K, used 25179K [0x00000000eab00000, 0x00000000ede00000, 0x0000000100000000)
  eden space 22528K, 100% used [0x00000000eab00000,0x00000000ec100000,0x00000000ec100000)
  from space 3584K, 73% used [0x00000000ec100000,0x00000000ec396d40,0x00000000ec480000)
  to   space 3584K, 0% used [0x00000000eda80000,0x00000000eda80000,0x00000000ede00000)
 ParOldGen       total 60416K, used 0K [0x00000000c0000000, 0x00000000c3b00000, 0x00000000eab00000)
  object space 60416K, 0% used [0x00000000c0000000,0x00000000c0000000,0x00000000c3b00000)
 Metaspace       used 6081K, capacity 6962K, committed 7040K, reserved 1056768K
  class space    used 603K, capacity 618K, committed 640K, reserved 1048576K
Event: 4.604 GC heap after
Heap after GC invocations=2 (full 0):
 PSYoungGen      total 48640K, used 3573K [0x00000000eab00000, 0x00000000ede00000, 0x0000000100000000)
  eden space 45056K, 0% used [0x00000000eab00000,0x00000000eab00000,0x00000000ed700000)
  from space 3584K, 99% used [0x00000000eda80000,0x00000000eddfd6e8,0x00000000ede00000)
  to   space 3584K, 0% used [0x00000000ed700000,0x00000000ed700000,0x00000000eda80000)
 ParOldGen       total 60416K, used 2144K [0x00000000c0000000, 0x00000000c3b00000, 0x00000000eab00000)
  object space 60416K, 3% used [0x00000000c0000000,0x00000000c0218100,0x00000000c3b00000)
 Metaspace       used 6081K, capacity 6962K, committed 7040K, reserved 1056768K
  class space    used 603K, capacity 618K, committed 640K, reserved 1048576K
}
Event: 5.057 GC heap before
{Heap before GC invocations=3 (full 0):
 PSYoungGen      total 48640K, used 48629K [0x00000000eab00000, 0x00000000ede00000, 0x0000000100000000)
  eden space 45056K, 100% used [0x00000000eab00000,0x00000000ed700000,0x00000000ed700000)
  from space 3584K, 99% used [0x00000000eda80000,0x00000000eddfd6e8,0x00000000ede00000)
  to   space 3584K, 0% used [0x00000000ed700000,0x00000000ed700000,0x00000000eda80000)
 ParOldGen       total 60416K, used 2144K [0x00000000c0000000, 0x00000000c3b00000, 0x00000000eab00000)
  object space 60416K, 3% used [0x00000000c0000000,0x00000000c0218100,0x00000000c3b00000)
 Metaspace       used 6228K, capacity 7092K, committed 7296K, reserved 1056768K
  class space    used 605K, capacity 620K, committed 640K, reserved 1048576K
Event: 5.075 GC heap after
Heap after GC invocations=3 (full 0):
 PSYoungGen      total 48640K, used 3578K [0x00000000eab00000, 0x00000000f0a00000, 0x0000000100000000)
  eden space 45056K, 0% used [0x00000000eab00000,0x00000000eab00000,0x00000000ed700000)
  from space 3584K, 99% used [0x00000000ed700000,0x00000000eda7e8f8,0x00000000eda80000)
  to   space 3584K, 0% used [0x00000000f0680000,0x00000000f0680000,0x00000000f0a00000)
 ParOldGen       total 60416K, used 8157K [0x00000000c0000000, 0x00000000c3b00000, 0x00000000eab00000)
  object space 60416K, 13% used [0x00000000c0000000,0x00000000c07f77d8,0x00000000c3b00000)
 Metaspace       used 6228K, capacity 7092K, committed 7296K, reserved 1056768K
  class space    used 605K, capacity 620K, committed 640K, reserved 1048576K
}
Event: 5.380 GC heap before
{Heap before GC invocations=4 (full 0):
 PSYoungGen      total 48640K, used 48634K [0x00000000eab00000, 0x00000000f0a00000, 0x0000000100000000)
  eden space 45056K, 100% used [0x00000000eab00000,0x00000000ed700000,0x00000000ed700000)
  from space 3584K, 99% used [0x00000000ed700000,0x00000000eda7e8f8,0x00000000eda80000)
  to   space 3584K, 0% used [0x00000000f0680000,0x00000000f0680000,0x00000000f0a00000)
 ParOldGen       total 60416K, used 8157K [0x00000000c0000000, 0x00000000c3b00000, 0x00000000eab00000)
  object space 60416K, 13% used [0x00000000c0000000,0x00000000c07f77d8,0x00000000c3b00000)
 Metaspace       used 6285K, capacity 7092K, committed 7296K, reserved 1056768K
  class space    used 605K, capacity 620K, committed 640K, reserved 1048576K
Event: 5.428 GC heap after
Heap after GC invocations=4 (full 0):
 PSYoungGen      total 93696K, used 3568K [0x00000000eab00000, 0x00000000f0a00000, 0x0000000100000000)
  eden space 90112K, 0% used [0x00000000eab00000,0x00000000eab00000,0x00000000f0300000)
  from space 3584K, 99% used [0x00000000f0680000,0x00000000f09fc2c8,0x00000000f0a00000)
  to   space 3584K, 0% used [0x00000000f0300000,0x00000000f0300000,0x00000000f0680000)
 ParOldGen       total 60416K, used 14802K [0x00000000c0000000, 0x00000000c3b00000, 0x00000000eab00000)
  object space 60416K, 24% used [0x00000000c0000000,0x00000000c0e74b80,0x00000000c3b00000)
 Metaspace       used 6285K, capacity 7092K, committed 7296K, reserved 1056768K
  class space    used 605K, capacity 620K, committed 640K, reserved 1048576K
}
Event: 8.158 GC heap before
{Heap before GC invocations=5 (full 0):
 PSYoungGen      total 93696K, used 93680K [0x00000000eab00000, 0x00000000f0a00000, 0x0000000100000000)
  eden space 90112K, 100% used [0x00000000eab00000,0x00000000f0300000,0x00000000f0300000)
  from space 3584K, 99% used [0x00000000f0680000,0x00000000f09fc2c8,0x00000000f0a00000)
  to   space 3584K, 0% used [0x00000000f0300000,0x00000000f0300000,0x00000000f0680000)
 ParOldGen       total 60416K, used 14802K [0x00000000c0000000, 0x00000000c3b00000, 0x00000000eab00000)
  object space 60416K, 24% used [0x00000000c0000000,0x00000000c0e74b80,0x00000000c3b00000)
 Metaspace       used 6466K, capacity 7220K, committed 7296K, reserved 1056768K
  class space    used 605K, capacity 620K, committed 640K, reserved 1048576K
Event: 8.218 GC heap after
Heap after GC invocations=5 (full 0):
 PSYoungGen      total 93696K, used 3554K [0x00000000eab00000, 0x00000000f8100000, 0x0000000100000000)
  eden space 90112K, 0% used [0x00000000eab00000,0x00000000eab00000,0x00000000f0300000)
  from space 3584K, 99% used [0x00000000f0300000,0x00000000f0678970,0x00000000f0680000)
  to   space 19456K, 0% used [0x00000000f6e00000,0x00000000f6e00000,0x00000000f8100000)
 ParOldGen       total 60416K, used 29155K [0x00000000c0000000, 0x00000000c3b00000, 0x00000000eab00000)
  object space 60416K, 48% used [0x00000000c0000000,0x00000000c1c78f50,0x00000000c3b00000)
 Metaspace       used 6466K, capacity 7220K, committed 7296K, reserved 1056768K
  class space    used 605K, capacity 620K, committed 640K, reserved 1048576K
}
Event: 9.449 GC heap before
{Heap before GC invocations=6 (full 0):
 PSYoungGen      total 93696K, used 93666K [0x00000000eab00000, 0x00000000f8100000, 0x0000000100000000)
  eden space 90112K, 100% used [0x00000000eab00000,0x00000000f0300000,0x00000000f0300000)
  from space 3584K, 99% used [0x00000000f0300000,0x00000000f0678970,0x00000000f0680000)
  to   space 19456K, 0% used [0x00000000f6e00000,0x00000000f6e00000,0x00000000f8100000)
 ParOldGen       total 60416K, used 29155K [0x00000000c0000000, 0x00000000c3b00000, 0x00000000eab00000)
  object space 60416K, 48% used [0x00000000c0000000,0x00000000c1c78f50,0x00000000c3b00000)
 Metaspace       used 6572K, capacity 7256K, committed 7424K, reserved 1056768K
  class space    used 625K, capacity 656K, committed 768K, reserved 1048576K
Event: 9.527 GC heap after
Heap after GC invocations=6 (full 0):
 PSYoungGen      total 196096K, used 17854K [0x00000000eab00000, 0x00000000f8800000, 0x0000000100000000)
  eden space 176640K, 0% used [0x00000000eab00000,0x00000000eab00000,0x00000000f5780000)
  from space 19456K, 91% used [0x00000000f6e00000,0x00000000f7f6fa28,0x00000000f8100000)
  to   space 23040K, 0% used [0x00000000f5780000,0x00000000f5780000,0x00000000f6e00000)
 ParOldGen       total 60416K, used 29163K [0x00000000c0000000, 0x00000000c3b00000, 0x00000000eab00000)
  object space 60416K, 48% used [0x00000000c0000000,0x00000000c1c7af50,0x00000000c3b00000)
 Metaspace       used 6572K, capacity 7256K, committed 7424K, reserved 1056768K
  class space    used 625K, capacity 656K, committed 768K, reserved 1048576K
}

