# JRE version: Java(TM) SE Runtime Environment (8.0_91-b14) (build 1.8.0_91-b14)
# Java VM: Java HotSpot(TM) 64-Bit Server VM (25.91-b14 mixed mode windows-amd64 compressed oops)
Heap:
 PSYoungGen      total 231936K, used 67573K [0x00000000eab00000, 0x0000000100000000, 0x0000000100000000)
  eden space 164352K, 0% used [0x00000000eab00000,0x00000000eab00000,0x00000000f4b80000)
  from space 67584K, 99% used [0x00000000f4b80000,0x00000000f8d7d7d8,0x00000000f8d80000)
  to   space 92672K, 0% used [0x00000000fa580000,0x00000000fa580000,0x0000000100000000)
 ParOldGen       total 109056K, used 96299K [0x00000000c0000000, 0x00000000c6a80000, 0x00000000eab00000)
  object space 109056K, 88% used [0x00000000c0000000,0x00000000c5e0ad88,0x00000000c6a80000)
 Metaspace       used 6144K, capacity 7152K, committed 7296K, reserved 1056768K
  class space    used 594K, capacity 616K, committed 640K, reserved 1048576K
GC Heap History (10 events):
Event: 7.685 GC heap after
Heap after GC invocations=6 (full 1):
 PSYoungGen      total 93696K, used 0K [0x00000000eab00000, 0x00000000fa200000, 0x0000000100000000)
  eden space 90112K, 0% used [0x00000000eab00000,0x00000000eab00000,0x00000000f0300000)
  from space 3584K, 0% used [0x00000000f0300000,0x00000000f0300000,0x00000000f0680000)
  to   space 36352K, 0% used [0x00000000f7e80000,0x00000000f7e80000,0x00000000fa200000)
 ParOldGen       total 109056K, used 40885K [0x00000000c0000000, 0x00000000c6a80000, 0x00000000eab00000)
  object space 109056K, 37% used [0x00000000c0000000,0x00000000c27ed7c8,0x00000000c6a80000)
 Metaspace       used 6067K, capacity 7088K, committed 7296K, reserved 1056768K
  class space    used 593K, capacity 616K, committed 640K, reserved 1048576K
}
Event: 8.751 GC heap before
{Heap before GC invocations=7 (full 1):
 PSYoungGen      total 93696K, used 90112K [0x00000000eab00000, 0x00000000fa200000, 0x0000000100000000)
  eden space 90112K, 100% used [0x00000000eab00000,0x00000000f0300000,0x00000000f0300000)
  from space 3584K, 0% used [0x00000000f0300000,0x00000000f0300000,0x00000000f0680000)
  to   space 36352K, 0% used [0x00000000f7e80000,0x00000000f7e80000,0x00000000fa200000)
 ParOldGen       total 109056K, used 40885K [0x00000000c0000000, 0x00000000c6a80000, 0x00000000eab00000)
  object space 109056K, 37% used [0x00000000c0000000,0x00000000c27ed7c8,0x00000000c6a80000)
 Metaspace       used 6085K, capacity 7088K, committed 7296K, reserved 1056768K
  class space    used 594K, capacity 616K, committed 640K, reserved 1048576K
Event: 8.923 GC heap after
Heap after GC invocations=7 (full 1):
 PSYoungGen      total 156672K, used 28319K [0x00000000eab00000, 0x00000000f9a80000, 0x0000000100000000)
  eden space 128000K, 0% used [0x00000000eab00000,0x00000000eab00000,0x00000000f2800000)
  from space 28672K, 98% used [0x00000000f7e80000,0x00000000f9a27ca8,0x00000000f9a80000)
  to   space 39936K, 0% used [0x00000000f4c80000,0x00000000f4c80000,0x00000000f7380000)
 ParOldGen       total 109056K, used 40893K [0x00000000c0000000, 0x00000000c6a80000, 0x00000000eab00000)
  object space 109056K, 37% used [0x00000000c0000000,0x00000000c27ef7c8,0x00000000c6a80000)
 Metaspace       used 6085K, capacity 7088K, committed 7296K, reserved 1056768K
  class space    used 594K, capacity 616K, committed 640K, reserved 1048576K
}
Event: 10.056 GC heap before
{Heap before GC invocations=8 (full 1):
 PSYoungGen      total 156672K, used 156319K [0x00000000eab00000, 0x00000000f9a80000, 0x0000000100000000)
  eden space 128000K, 100% used [0x00000000eab00000,0x00000000f2800000,0x00000000f2800000)
  from space 28672K, 98% used [0x00000000f7e80000,0x00000000f9a27ca8,0x00000000f9a80000)
  to   space 39936K, 0% used [0x00000000f4c80000,0x00000000f4c80000,0x00000000f7380000)
 ParOldGen       total 109056K, used 40893K [0x00000000c0000000, 0x00000000c6a80000, 0x00000000eab00000)
  object space 109056K, 37% used [0x00000000c0000000,0x00000000c27ef7c8,0x00000000c6a80000)
 Metaspace       used 6114K, capacity 7152K, committed 7296K, reserved 1056768K
  class space    used 594K, capacity 616K, committed 640K, reserved 1048576K
Event: 10.119 GC heap after
Heap after GC invocations=8 (full 1):
 PSYoungGen      total 205312K, used 39923K [0x00000000eab00000, 0x00000000fc180000, 0x0000000100000000)
  eden space 165376K, 0% used [0x00000000eab00000,0x00000000eab00000,0x00000000f4c80000)
  from space 39936K, 99% used [0x00000000f4c80000,0x00000000f737cde0,0x00000000f7380000)
  to   space 53248K, 0% used [0x00000000f8d80000,0x00000000f8d80000,0x00000000fc180000)
 ParOldGen       total 109056K, used 52397K [0x00000000c0000000, 0x00000000c6a80000, 0x00000000eab00000)
  object space 109056K, 48% used [0x00000000c0000000,0x00000000c332b5d8,0x00000000c6a80000)
 Metaspace       used 6114K, capacity 7152K, committed 7296K, reserved 1056768K
  class space    used 594K, capacity 616K, committed 640K, reserved 1048576K
}
Event: 11.256 GC heap before
{Heap before GC invocations=9 (full 1):
 PSYoungGen      total 205312K, used 205299K [0x00000000eab00000, 0x00000000fc180000, 0x0000000100000000)
  eden space 165376K, 100% used [0x00000000eab00000,0x00000000f4c80000,0x00000000f4c80000)
  from space 39936K, 99% used [0x00000000f4c80000,0x00000000f737cde0,0x00000000f7380000)
  to   space 53248K, 0% used [0x00000000f8d80000,0x00000000f8d80000,0x00000000fc180000)
 ParOldGen       total 109056K, used 52397K [0x00000000c0000000, 0x00000000c6a80000, 0x00000000eab00000)
  object space 109056K, 48% used [0x00000000c0000000,0x00000000c332b5d8,0x00000000c6a80000)
 Metaspace       used 6131K, capacity 7152K, committed 7296K, reserved 1056768K
  class space    used 594K, capacity 616K, committed 640K, reserved 1048576K
Event: 11.565 GC heap after
Heap after GC invocations=9 (full 1):
 PSYoungGen      total 217600K, used 53235K [0x00000000eab00000, 0x0000000100000000, 0x0000000100000000)
  eden space 164352K, 0% used [0x00000000eab00000,0x00000000eab00000,0x00000000f4b80000)
  from space 53248K, 99% used [0x00000000f8d80000,0x00000000fc17ce10,0x00000000fc180000)
  to   space 67584K, 0% used [0x00000000f4b80000,0x00000000f4b80000,0x00000000f8d80000)
 ParOldGen       total 109056K, used 63251K [0x00000000c0000000, 0x00000000c6a80000, 0x00000000eab00000)
  object space 109056K, 57% used [0x00000000c0000000,0x00000000c3dc4f98,0x00000000c6a80000)
 Metaspace       used 6131K, capacity 7152K, committed 7296K, reserved 1056768K
  class space    used 594K, capacity 616K, committed 640K, reserved 1048576K
}
Event: 12.772 GC heap before
{Heap before GC invocations=10 (full 1):
 PSYoungGen      total 217600K, used 217587K [0x00000000eab00000, 0x0000000100000000, 0x0000000100000000)
  eden space 164352K, 100% used [0x00000000eab00000,0x00000000f4b80000,0x00000000f4b80000)
  from space 53248K, 99% used [0x00000000f8d80000,0x00000000fc17ce10,0x00000000fc180000)
  to   space 67584K, 0% used [0x00000000f4b80000,0x00000000f4b80000,0x00000000f8d80000)
 ParOldGen       total 109056K, used 63251K [0x00000000c0000000, 0x00000000c6a80000, 0x00000000eab00000)
  object space 109056K, 57% used [0x00000000c0000000,0x00000000c3dc4f98,0x00000000c6a80000)
 Metaspace       used 6144K, capacity 7152K, committed 7296K, reserved 1056768K
  class space    used 594K, capacity 616K, committed 640K, reserved 1048576K
Event: 13.050 GC heap after
Heap after GC invocations=10 (full 1):
 PSYoungGen      total 231936K, used 67573K [0x00000000eab00000, 0x0000000100000000, 0x0000000100000000)
  eden space 164352K, 0% used [0x00000000eab00000,0x00000000eab00000,0x00000000f4b80000)
  from space 67584K, 99% used [0x00000000f4b80000,0x00000000f8d7d7d8,0x00000000f8d80000)
  to   space 92672K, 0% used [0x00000000fa580000,0x00000000fa580000,0x0000000100000000)
 ParOldGen       total 109056K, used 96299K [0x00000000c0000000, 0x00000000c6a80000, 0x00000000eab00000)
  object space 109056K, 88% used [0x00000000c0000000,0x00000000c5e0ad88,0x00000000c6a80000)
 Metaspace       used 6144K, capacity 7152K, committed 7296K, reserved 1056768K
  class space    used 594K, capacity 616K, committed 640K, reserved 1048576K
}
Event: 13.050 GC heap before
{Heap before GC invocations=11 (full 2):
 PSYoungGen      total 231936K, used 67573K [0x00000000eab00000, 0x0000000100000000, 0x0000000100000000)
  eden space 164352K, 0% used [0x00000000eab00000,0x00000000eab00000,0x00000000f4b80000)
  from space 67584K, 99% used [0x00000000f4b80000,0x00000000f8d7d7d8,0x00000000f8d80000)
  to   space 92672K, 0% used [0x00000000fa580000,0x00000000fa580000,0x0000000100000000)
 ParOldGen       total 109056K, used 96299K [0x00000000c0000000, 0x00000000c6a80000, 0x00000000eab00000)
  object space 109056K, 88% used [0x00000000c0000000,0x00000000c5e0ad88,0x00000000c6a80000)
 Metaspace       used 6144K, capacity 7152K, committed 7296K, reserved 1056768K
  class space    used 594K, capacity 616K, committed 640K, reserved 1048576K

