# JRE version: Java(TM) SE Runtime Environment (8.0_91-b14) (build 1.8.0_91-b14)
# Java VM: Java HotSpot(TM) 64-Bit Server VM (25.91-b14 mixed mode windows-amd64 compressed oops)
Heap:
 PSYoungGen      total 194560K, used 37916K [0x00000000eab00000, 0x00000000f8500000, 0x0000000100000000)
  eden space 176640K, 11% used [0x00000000eab00000,0x00000000ebedefa8,0x00000000f5780000)
  from space 17920K, 98% used [0x00000000f6c80000,0x00000000f7da8410,0x00000000f7e00000)
  to   space 21504K, 0% used [0x00000000f5780000,0x00000000f5780000,0x00000000f6c80000)
 ParOldGen       total 60416K, used 27254K [0x00000000c0000000, 0x00000000c3b00000, 0x00000000eab00000)
  object space 60416K, 45% used [0x00000000c0000000,0x00000000c1a9d9f0,0x00000000c3b00000)
 Metaspace       used 6465K, capacity 7156K, committed 7296K, reserved 1056768K
  class space    used 602K, capacity 620K, committed 640K, reserved 1048576K
GC Heap History (10 events):
Event: 2.013 GC heap before
{Heap before GC invocations=2 (full 0):
 PSYoungGen      total 26112K, used 25737K [0x00000000eab00000, 0x00000000ede00000, 0x0000000100000000)
  eden space 22528K, 100% used [0x00000000eab00000,0x00000000ec100000,0x00000000ec100000)
  from space 3584K, 89% used [0x00000000ec100000,0x00000000ec4224b8,0x00000000ec480000)
  to   space 3584K, 0% used [0x00000000eda80000,0x00000000eda80000,0x00000000ede00000)
 ParOldGen       total 60416K, used 0K [0x00000000c0000000, 0x00000000c3b00000, 0x00000000eab00000)
  object space 60416K, 0% used [0x00000000c0000000,0x00000000c0000000,0x00000000c3b00000)
 Metaspace       used 6012K, capacity 6900K, committed 7040K, reserved 1056768K
  class space    used 600K, capacity 620K, committed 640K, reserved 1048576K
Event: 2.132 GC heap after
Heap after GC invocations=2 (full 0):
 PSYoungGen      total 48640K, used 3555K [0x00000000eab00000, 0x00000000ede00000, 0x0000000100000000)
  eden space 45056K, 0% used [0x00000000eab00000,0x00000000eab00000,0x00000000ed700000)
  from space 3584K, 99% used [0x00000000eda80000,0x00000000eddf8d60,0x00000000ede00000)
  to   space 3584K, 0% used [0x00000000ed700000,0x00000000ed700000,0x00000000eda80000)
 ParOldGen       total 60416K, used 1828K [0x00000000c0000000, 0x00000000c3b00000, 0x00000000eab00000)
  object space 60416K, 3% used [0x00000000c0000000,0x00000000c01c9240,0x00000000c3b00000)
 Metaspace       used 6012K, capacity 6900K, committed 7040K, reserved 1056768K
  class space    used 600K, capacity 620K, committed 640K, reserved 1048576K
}
Event: 2.751 GC heap before
{Heap before GC invocations=3 (full 0):
 PSYoungGen      total 48640K, used 48611K [0x00000000eab00000, 0x00000000ede00000, 0x0000000100000000)
  eden space 45056K, 100% used [0x00000000eab00000,0x00000000ed700000,0x00000000ed700000)
  from space 3584K, 99% used [0x00000000eda80000,0x00000000eddf8d60,0x00000000ede00000)
  to   space 3584K, 0% used [0x00000000ed700000,0x00000000ed700000,0x00000000eda80000)
 ParOldGen       total 60416K, used 1828K [0x00000000c0000000, 0x00000000c3b00000, 0x00000000eab00000)
  object space 60416K, 3% used [0x00000000c0000000,0x00000000c01c9240,0x00000000c3b00000)
 Metaspace       used 6206K, capacity 7028K, committed 7296K, reserved 1056768K
  class space    used 600K, capacity 620K, committed 640K, reserved 1048576K
Event: 2.794 GC heap after
Heap after GC invocations=3 (full 0):
 PSYoungGen      total 48640K, used 3554K [0x00000000eab00000, 0x00000000f0a00000, 0x0000000100000000)
  eden space 45056K, 0% used [0x00000000eab00000,0x00000000eab00000,0x00000000ed700000)
  from space 3584K, 99% used [0x00000000ed700000,0x00000000eda78ab0,0x00000000eda80000)
  to   space 3584K, 0% used [0x00000000f0680000,0x00000000f0680000,0x00000000f0a00000)
 ParOldGen       total 60416K, used 8244K [0x00000000c0000000, 0x00000000c3b00000, 0x00000000eab00000)
  object space 60416K, 13% used [0x00000000c0000000,0x00000000c080d358,0x00000000c3b00000)
 Metaspace       used 6206K, capacity 7028K, committed 7296K, reserved 1056768K
  class space    used 600K, capacity 620K, committed 640K, reserved 1048576K
}
Event: 3.221 GC heap before
{Heap before GC invocations=4 (full 0):
 PSYoungGen      total 48640K, used 48610K [0x00000000eab00000, 0x00000000f0a00000, 0x0000000100000000)
  eden space 45056K, 100% used [0x00000000eab00000,0x00000000ed700000,0x00000000ed700000)
  from space 3584K, 99% used [0x00000000ed700000,0x00000000eda78ab0,0x00000000eda80000)
  to   space 3584K, 0% used [0x00000000f0680000,0x00000000f0680000,0x00000000f0a00000)
 ParOldGen       total 60416K, used 8244K [0x00000000c0000000, 0x00000000c3b00000, 0x00000000eab00000)
  object space 60416K, 13% used [0x00000000c0000000,0x00000000c080d358,0x00000000c3b00000)
 Metaspace       used 6221K, capacity 7028K, committed 7296K, reserved 1056768K
  class space    used 600K, capacity 620K, committed 640K, reserved 1048576K
Event: 3.338 GC heap after
Heap after GC invocations=4 (full 0):
 PSYoungGen      total 93696K, used 3557K [0x00000000eab00000, 0x00000000f0a00000, 0x0000000100000000)
  eden space 90112K, 0% used [0x00000000eab00000,0x00000000eab00000,0x00000000f0300000)
  from space 3584K, 99% used [0x00000000f0680000,0x00000000f09f9568,0x00000000f0a00000)
  to   space 3584K, 0% used [0x00000000f0300000,0x00000000f0300000,0x00000000f0680000)
 ParOldGen       total 60416K, used 15658K [0x00000000c0000000, 0x00000000c3b00000, 0x00000000eab00000)
  object space 60416K, 25% used [0x00000000c0000000,0x00000000c0f4ab10,0x00000000c3b00000)
 Metaspace       used 6221K, capacity 7028K, committed 7296K, reserved 1056768K
  class space    used 600K, capacity 620K, committed 640K, reserved 1048576K
}
Event: 6.883 GC heap before
{Heap before GC invocations=5 (full 0):
 PSYoungGen      total 93696K, used 93669K [0x00000000eab00000, 0x00000000f0a00000, 0x0000000100000000)
  eden space 90112K, 100% used [0x00000000eab00000,0x00000000f0300000,0x00000000f0300000)
  from space 3584K, 99% used [0x00000000f0680000,0x00000000f09f9568,0x00000000f0a00000)
  to   space 3584K, 0% used [0x00000000f0300000,0x00000000f0300000,0x00000000f0680000)
 ParOldGen       total 60416K, used 15658K [0x00000000c0000000, 0x00000000c3b00000, 0x00000000eab00000)
  object space 60416K, 25% used [0x00000000c0000000,0x00000000c0f4ab10,0x00000000c3b00000)
 Metaspace       used 6357K, capacity 7156K, committed 7296K, reserved 1056768K
  class space    used 602K, capacity 620K, committed 640K, reserved 1048576K
Event: 7.109 GC heap after
Heap after GC invocations=5 (full 0):
 PSYoungGen      total 93696K, used 3577K [0x00000000eab00000, 0x00000000f7e00000, 0x0000000100000000)
  eden space 90112K, 0% used [0x00000000eab00000,0x00000000eab00000,0x00000000f0300000)
  from space 3584K, 99% used [0x00000000f0300000,0x00000000f067e7c0,0x00000000f0680000)
  to   space 17920K, 0% used [0x00000000f6c80000,0x00000000f6c80000,0x00000000f7e00000)
 ParOldGen       total 60416K, used 27246K [0x00000000c0000000, 0x00000000c3b00000, 0x00000000eab00000)
  object space 60416K, 45% used [0x00000000c0000000,0x00000000c1a9b9f0,0x00000000c3b00000)
 Metaspace       used 6357K, capacity 7156K, committed 7296K, reserved 1056768K
  class space    used 602K, capacity 620K, committed 640K, reserved 1048576K
}
Event: 12.974 GC heap before
{Heap before GC invocations=6 (full 0):
 PSYoungGen      total 93696K, used 93689K [0x00000000eab00000, 0x00000000f7e00000, 0x0000000100000000)
  eden space 90112K, 100% used [0x00000000eab00000,0x00000000f0300000,0x00000000f0300000)
  from space 3584K, 99% used [0x00000000f0300000,0x00000000f067e7c0,0x00000000f0680000)
  to   space 17920K, 0% used [0x00000000f6c80000,0x00000000f6c80000,0x00000000f7e00000)
 ParOldGen       total 60416K, used 27246K [0x00000000c0000000, 0x00000000c3b00000, 0x00000000eab00000)
  object space 60416K, 45% used [0x00000000c0000000,0x00000000c1a9b9f0,0x00000000c3b00000)
 Metaspace       used 6460K, capacity 7156K, committed 7296K, reserved 1056768K
  class space    used 602K, capacity 620K, committed 640K, reserved 1048576K
Event: 13.118 GC heap after
Heap after GC invocations=6 (full 0):
 PSYoungGen      total 194560K, used 17569K [0x00000000eab00000, 0x00000000f8500000, 0x0000000100000000)
  eden space 176640K, 0% used [0x00000000eab00000,0x00000000eab00000,0x00000000f5780000)
  from space 17920K, 98% used [0x00000000f6c80000,0x00000000f7da8410,0x00000000f7e00000)
  to   space 21504K, 0% used [0x00000000f5780000,0x00000000f5780000,0x00000000f6c80000)
 ParOldGen       total 60416K, used 27254K [0x00000000c0000000, 0x00000000c3b00000, 0x00000000eab00000)
  object space 60416K, 45% used [0x00000000c0000000,0x00000000c1a9d9f0,0x00000000c3b00000)
 Metaspace       used 6460K, capacity 7156K, committed 7296K, reserved 1056768K
  class space    used 602K, capacity 620K, committed 640K, reserved 1048576K
}

